\\BOURNEMOUTH.AC.UK\DATA\STUDENT\HOME\DEC\I7671967\VISUAL STUDIO 2010\PROJECTS\ASSIGNMENTS\CHUCKIEEGG\CHUCKIEEGG\DEBUG\BITMAPANIMATION.OBJ
\\BOURNEMOUTH.AC.UK\DATA\STUDENT\HOME\DEC\I7671967\VISUAL STUDIO 2010\PROJECTS\ASSIGNMENTS\CHUCKIEEGG\CHUCKIEEGG\DEBUG\BUTTON.OBJ
\\BOURNEMOUTH.AC.UK\DATA\STUDENT\HOME\DEC\I7671967\VISUAL STUDIO 2010\PROJECTS\ASSIGNMENTS\CHUCKIEEGG\CHUCKIEEGG\DEBUG\CE_ACTOR.OBJ
\\BOURNEMOUTH.AC.UK\DATA\STUDENT\HOME\DEC\I7671967\VISUAL STUDIO 2010\PROJECTS\ASSIGNMENTS\CHUCKIEEGG\CHUCKIEEGG\DEBUG\CE_EGG.OBJ
\\BOURNEMOUTH.AC.UK\DATA\STUDENT\HOME\DEC\I7671967\VISUAL STUDIO 2010\PROJECTS\ASSIGNMENTS\CHUCKIEEGG\CHUCKIEEGG\DEBUG\CE_GRAIN.OBJ
\\BOURNEMOUTH.AC.UK\DATA\STUDENT\HOME\DEC\I7671967\VISUAL STUDIO 2010\PROJECTS\ASSIGNMENTS\CHUCKIEEGG\CHUCKIEEGG\DEBUG\CE_LADDER.OBJ
\\BOURNEMOUTH.AC.UK\DATA\STUDENT\HOME\DEC\I7671967\VISUAL STUDIO 2010\PROJECTS\ASSIGNMENTS\CHUCKIEEGG\CHUCKIEEGG\DEBUG\CE_OBJECT.OBJ
\\BOURNEMOUTH.AC.UK\DATA\STUDENT\HOME\DEC\I7671967\VISUAL STUDIO 2010\PROJECTS\ASSIGNMENTS\CHUCKIEEGG\CHUCKIEEGG\DEBUG\CE_PAWN.OBJ
\\BOURNEMOUTH.AC.UK\DATA\STUDENT\HOME\DEC\I7671967\VISUAL STUDIO 2010\PROJECTS\ASSIGNMENTS\CHUCKIEEGG\CHUCKIEEGG\DEBUG\CE_PLAYER.OBJ
\\BOURNEMOUTH.AC.UK\DATA\STUDENT\HOME\DEC\I7671967\VISUAL STUDIO 2010\PROJECTS\ASSIGNMENTS\CHUCKIEEGG\CHUCKIEEGG\DEBUG\CE_SWAN.OBJ
\\BOURNEMOUTH.AC.UK\DATA\STUDENT\HOME\DEC\I7671967\VISUAL STUDIO 2010\PROJECTS\ASSIGNMENTS\CHUCKIEEGG\CHUCKIEEGG\DEBUG\CE_WALL.OBJ
\\BOURNEMOUTH.AC.UK\DATA\STUDENT\HOME\DEC\I7671967\VISUAL STUDIO 2010\PROJECTS\ASSIGNMENTS\CHUCKIEEGG\CHUCKIEEGG\DEBUG\CE_WALL_INV.OBJ
\\BOURNEMOUTH.AC.UK\DATA\STUDENT\HOME\DEC\I7671967\VISUAL STUDIO 2010\PROJECTS\ASSIGNMENTS\CHUCKIEEGG\CHUCKIEEGG\DEBUG\CHUCKIEEGG.EXE.INTERMEDIATE.MANIFEST
\\bournemouth.ac.uk\data\Student\Home\DEC\i7671967\Visual Studio 2010\Projects\ASSIGNMENTS\ChuckieEgg\ChuckieEgg\Debug\ChuckieEgg.vcxprojResolveAssemblyReference.cache
\\bournemouth.ac.uk\data\Student\Home\DEC\i7671967\Visual Studio 2010\Projects\ASSIGNMENTS\ChuckieEgg\ChuckieEgg\Debug\ChuckieEgg.write.1.tlog
\\bournemouth.ac.uk\data\Student\Home\DEC\i7671967\Visual Studio 2010\Projects\ASSIGNMENTS\ChuckieEgg\ChuckieEgg\Debug\cl.command.1.tlog
\\bournemouth.ac.uk\data\Student\Home\DEC\i7671967\Visual Studio 2010\Projects\ASSIGNMENTS\ChuckieEgg\ChuckieEgg\Debug\CL.read.1.tlog
\\bournemouth.ac.uk\data\Student\Home\DEC\i7671967\Visual Studio 2010\Projects\ASSIGNMENTS\ChuckieEgg\ChuckieEgg\Debug\CL.write.1.tlog
\\BOURNEMOUTH.AC.UK\DATA\STUDENT\HOME\DEC\I7671967\VISUAL STUDIO 2010\PROJECTS\ASSIGNMENTS\CHUCKIEEGG\CHUCKIEEGG\DEBUG\COLLISION.OBJ
\\BOURNEMOUTH.AC.UK\DATA\STUDENT\HOME\DEC\I7671967\VISUAL STUDIO 2010\PROJECTS\ASSIGNMENTS\CHUCKIEEGG\CHUCKIEEGG\DEBUG\GAME.OBJ
\\BOURNEMOUTH.AC.UK\DATA\STUDENT\HOME\DEC\I7671967\VISUAL STUDIO 2010\PROJECTS\ASSIGNMENTS\CHUCKIEEGG\CHUCKIEEGG\DEBUG\LEVEL.OBJ
\\bournemouth.ac.uk\data\Student\Home\DEC\i7671967\Visual Studio 2010\Projects\ASSIGNMENTS\ChuckieEgg\ChuckieEgg\Debug\link.command.1.tlog
\\bournemouth.ac.uk\data\Student\Home\DEC\i7671967\Visual Studio 2010\Projects\ASSIGNMENTS\ChuckieEgg\ChuckieEgg\Debug\link.read.1.tlog
\\bournemouth.ac.uk\data\Student\Home\DEC\i7671967\Visual Studio 2010\Projects\ASSIGNMENTS\ChuckieEgg\ChuckieEgg\Debug\link.write.1.tlog
\\BOURNEMOUTH.AC.UK\DATA\STUDENT\HOME\DEC\I7671967\VISUAL STUDIO 2010\PROJECTS\ASSIGNMENTS\CHUCKIEEGG\CHUCKIEEGG\DEBUG\MAIN.OBJ
\\BOURNEMOUTH.AC.UK\DATA\STUDENT\HOME\DEC\I7671967\VISUAL STUDIO 2010\PROJECTS\ASSIGNMENTS\CHUCKIEEGG\CHUCKIEEGG\DEBUG\MENU.OBJ
\\bournemouth.ac.uk\data\Student\Home\DEC\i7671967\Visual Studio 2010\Projects\ASSIGNMENTS\ChuckieEgg\ChuckieEgg\Debug\mt.command.1.tlog
\\bournemouth.ac.uk\data\Student\Home\DEC\i7671967\Visual Studio 2010\Projects\ASSIGNMENTS\ChuckieEgg\ChuckieEgg\Debug\mt.read.1.tlog
\\bournemouth.ac.uk\data\Student\Home\DEC\i7671967\Visual Studio 2010\Projects\ASSIGNMENTS\ChuckieEgg\ChuckieEgg\Debug\mt.write.1.tlog
\\BOURNEMOUTH.AC.UK\DATA\STUDENT\HOME\DEC\I7671967\VISUAL STUDIO 2010\PROJECTS\ASSIGNMENTS\CHUCKIEEGG\CHUCKIEEGG\DEBUG\OBJECT.OBJ
\\BOURNEMOUTH.AC.UK\DATA\STUDENT\HOME\DEC\I7671967\VISUAL STUDIO 2010\PROJECTS\ASSIGNMENTS\CHUCKIEEGG\CHUCKIEEGG\DEBUG\PLATFORM.OBJ
\\BOURNEMOUTH.AC.UK\DATA\STUDENT\HOME\DEC\I7671967\VISUAL STUDIO 2010\PROJECTS\ASSIGNMENTS\CHUCKIEEGG\CHUCKIEEGG\DEBUG\STRUCTURES.OBJ
\\bournemouth.ac.uk\data\Student\Home\DEC\i7671967\Visual Studio 2010\Projects\ASSIGNMENTS\ChuckieEgg\ChuckieEgg\Debug\vc100.idb
\\BOURNEMOUTH.AC.UK\DATA\STUDENT\HOME\DEC\I7671967\VISUAL STUDIO 2010\PROJECTS\ASSIGNMENTS\CHUCKIEEGG\CHUCKIEEGG\DEBUG\VC100.PDB
\\BOURNEMOUTH.AC.UK\DATA\STUDENT\HOME\DEC\I7671967\VISUAL STUDIO 2010\PROJECTS\ASSIGNMENTS\CHUCKIEEGG\CHUCKIEEGG\DEBUG\WALL.OBJ
\\BOURNEMOUTH.AC.UK\DATA\STUDENT\HOME\DEC\I7671967\VISUAL STUDIO 2010\PROJECTS\ASSIGNMENTS\CHUCKIEEGG\DEBUG\CHUCKIEEGG.EXE
\\BOURNEMOUTH.AC.UK\DATA\STUDENT\HOME\DEC\I7671967\VISUAL STUDIO 2010\PROJECTS\ASSIGNMENTS\CHUCKIEEGG\DEBUG\CHUCKIEEGG.ILK
\\BOURNEMOUTH.AC.UK\DATA\STUDENT\HOME\DEC\I7671967\VISUAL STUDIO 2010\PROJECTS\ASSIGNMENTS\CHUCKIEEGG\DEBUG\CHUCKIEEGG.PDB
H:\VISUAL STUDIO 2010\PROJECTS\ASSIGNMENTS\CHUCKIEEGG\CHUCKIEEGG\DEBUG\BUTTON.OBJ
H:\VISUAL STUDIO 2010\PROJECTS\ASSIGNMENTS\CHUCKIEEGG\CHUCKIEEGG\DEBUG\CE_ACTOR.OBJ
H:\VISUAL STUDIO 2010\PROJECTS\ASSIGNMENTS\CHUCKIEEGG\CHUCKIEEGG\DEBUG\CE_EGG.OBJ
H:\VISUAL STUDIO 2010\PROJECTS\ASSIGNMENTS\CHUCKIEEGG\CHUCKIEEGG\DEBUG\CE_GRAIN.OBJ
H:\VISUAL STUDIO 2010\PROJECTS\ASSIGNMENTS\CHUCKIEEGG\CHUCKIEEGG\DEBUG\CE_LADDER.OBJ
H:\VISUAL STUDIO 2010\PROJECTS\ASSIGNMENTS\CHUCKIEEGG\CHUCKIEEGG\DEBUG\CE_OBJECT.OBJ
H:\VISUAL STUDIO 2010\PROJECTS\ASSIGNMENTS\CHUCKIEEGG\CHUCKIEEGG\DEBUG\CE_PLAYER.OBJ
H:\VISUAL STUDIO 2010\PROJECTS\ASSIGNMENTS\CHUCKIEEGG\CHUCKIEEGG\DEBUG\CE_SWAN.OBJ
H:\VISUAL STUDIO 2010\PROJECTS\ASSIGNMENTS\CHUCKIEEGG\CHUCKIEEGG\DEBUG\CE_WALL.OBJ
H:\VISUAL STUDIO 2010\PROJECTS\ASSIGNMENTS\CHUCKIEEGG\CHUCKIEEGG\DEBUG\CE_WALL_INV.OBJ
H:\VISUAL STUDIO 2010\PROJECTS\ASSIGNMENTS\CHUCKIEEGG\CHUCKIEEGG\DEBUG\CHUCKIEEGG.EXE.INTERMEDIATE.MANIFEST
H:\VISUAL STUDIO 2010\PROJECTS\ASSIGNMENTS\CHUCKIEEGG\CHUCKIEEGG\DEBUG\GAME.OBJ
H:\VISUAL STUDIO 2010\PROJECTS\ASSIGNMENTS\CHUCKIEEGG\CHUCKIEEGG\DEBUG\LEVEL.OBJ
H:\VISUAL STUDIO 2010\PROJECTS\ASSIGNMENTS\CHUCKIEEGG\CHUCKIEEGG\DEBUG\MAIN.OBJ
H:\VISUAL STUDIO 2010\PROJECTS\ASSIGNMENTS\CHUCKIEEGG\CHUCKIEEGG\DEBUG\MENU.OBJ
H:\VISUAL STUDIO 2010\PROJECTS\ASSIGNMENTS\CHUCKIEEGG\CHUCKIEEGG\DEBUG\STRUCTURES.OBJ
H:\VISUAL STUDIO 2010\PROJECTS\ASSIGNMENTS\CHUCKIEEGG\CHUCKIEEGG\DEBUG\VC100.PDB
H:\VISUAL STUDIO 2010\PROJECTS\ASSIGNMENTS\CHUCKIEEGG\DEBUG\CHUCKIEEGG.EXE
H:\VISUAL STUDIO 2010\PROJECTS\ASSIGNMENTS\CHUCKIEEGG\DEBUG\CHUCKIEEGG.ILK
H:\VISUAL STUDIO 2010\PROJECTS\ASSIGNMENTS\CHUCKIEEGG\DEBUG\CHUCKIEEGG.PDB
